Arguments: 
  C:\Program Files (x86)\nodejs\node.exe C:\Users\sudow\AppData\Roaming\npm\node_modules\yarn\bin\yarn.js add gatsby-source-filesystem

PATH: 
  C:\Users\sudow\bin;C:\Program Files\Git\mingw64\bin;C:\Program Files\Git\usr\local\bin;C:\Program Files\Git\usr\bin;C:\Program Files\Git\usr\bin;C:\Program Files\Git\mingw64\bin;C:\Program Files\Git\usr\bin;C:\Users\sudow\bin;C:\Python39\Scripts;C:\Python39;C:\WINDOWS\system32;C:\WINDOWS;C:\WINDOWS\System32\Wbem;C:\WINDOWS\System32\WindowsPowerShell\v1.0;C:\WINDOWS\System32\OpenSSH;C:\Program Files\Git\cmd;C:\Program Files (x86)\nodejs;C:\ProgramData\chocolatey\bin;C:\Users\sudow\AppData\Local\Microsoft\WindowsApps;C:\Users\sudow\AppData\Local\Programs\Microsoft VS Code\bin;C:\Users\sudow\AppData\Roaming\npm;C:\Program Files\Git\usr\bin\vendor_perl;C:\Program Files\Git\usr\bin\core_perl

Yarn version: 
  1.22.10

Node version: 
  14.17.0

Platform: 
  win32 ia32

Trace: 
  Error: https://registry.yarnpkg.com/date-fns/-/date-fns-2.22.1.tgz: ESOCKETTIMEDOUT
      at ClientRequest.<anonymous> (C:\Users\sudow\AppData\Roaming\npm\node_modules\yarn\lib\cli.js:141289:19)
      at Object.onceWrapper (events.js:482:28)
      at ClientRequest.emit (events.js:376:20)
      at TLSSocket.emitRequestTimeout (_http_client.js:790:9)
      at Object.onceWrapper (events.js:482:28)
      at TLSSocket.emit (events.js:388:22)
      at TLSSocket.Socket._onTimeout (net.js:483:8)
      at listOnTimeout (internal/timers.js:555:17)
      at processTimers (internal/timers.js:498:7)

npm manifest: 
  {
    "private": false,
    "name": "gatsby-starter-banshorian",
    "description": "A CV developer oriented portfolio using GatsbyJs - A starter for gatsby-theme-banshorian",
    "author": "Martin Andersen <marander@pm.me>",
    "version": "2.0.7",
    "license": "MIT",
    "scripts": {
      "build": "gatsby build",
      "develop": "gatsby develop",
      "clean": "gatsby clean",
      "lint": "eslint .",
      "format": "prettier --write \"**/*.{js,jsx,json,md}\"",
      "cy:open": "cypress open",
      "cy:run": "cypress run",
      "test": "start-server-and-test develop http://localhost:8000 cy:run",
      "test:integration:ci": "start-server-and-test develop http://localhost:8000 cy:run"
    },
    "dependencies": {
      "gatsby": "^2.24.11",
      "gatsby-cli": "^2.12.15",
      "gatsby-plugin-google-gtag": "^2.1.11",
      "gatsby-plugin-preconnect": "^1.1.18",
      "gatsby-theme-banshorian": "^2.1.7",
      "react": "^16.13.1",
      "react-dom": "^16.13.1"
    },
    "devDependencies": {
      "cypress": "^5.2.0",
      "eslint-config-prettier": "^6.11.0",
      "eslint-plugin-prettier": "^3.1.2",
      "eslint-plugin-react-hooks": "^3.0.0",
      "prettier": "^2.0.5",
      "start-server-and-test": "^1.11.0"
    }
  }

yarn manifest: 
  No manifest

Lockfile: 
  No lockfile
